2019-08-05 18:46:23,004  INFO [main] VerifyBrokenLinks:68 - Response Code is: 200  https://support.google.com/websearch/answer/181196?hl=en
2019-08-05 18:46:23,329  INFO [main] VerifyBrokenLinks:68 - Response Code is: 200  https://www.google.com/intl/en/about/products?tab=wh
2019-08-05 18:46:23,497  INFO [main] VerifyBrokenLinks:68 - Response Code is: 200  https://accounts.google.com/ServiceLogin?hl=en&passive=true&continue=https://www.google.com/search%3Fq%3Dgo%2Bto%2Btop%2Bof%2Bthe%2Bpage%2Bselenium%26oq%3Dgo%2Bto%2Btop%2Bof%2Bthe%2Bpage%2Bselenium%26aqs%3Dchrome..69i57j0l2j69i64.9053j0j7%26sourceid%3Dchrome%26ie%3DUTF-8
2019-08-05 18:46:23,568  INFO [main] VerifyBrokenLinks:68 - Response Code is: 200  https://www.google.com/webhp?hl=en&sa=X&ved=0ahUKEwjxrvOF9ezjAhUFXq0KHZSBDUgQPAgH
2019-08-05 18:46:24,922  INFO [main] VerifyBrokenLinks:68 - Response Code is: 403  https://www.google.com/search?q=go+to+top+of+the+page+selenium&oq=go+to+top+of+the+page+selenium&aqs=chrome..69i57j0l2j69i64.9053j0j7&sourceid=chrome&ie=UTF-8#
2019-08-05 18:46:26,145  INFO [main] VerifyBrokenLinks:68 - Response Code is: 403  https://www.google.com/search?q=go+to+top+of+the+page+selenium&source=lnms&tbm=shop&sa=X&ved=0ahUKEwjxrvOF9ezjAhUFXq0KHZSBDUgQ_AUIESgB
2019-08-05 18:46:27,241  INFO [main] VerifyBrokenLinks:68 - Response Code is: 403  https://www.google.com/search?q=go+to+top+of+the+page+selenium&source=lnms&tbm=isch&sa=X&ved=0ahUKEwjxrvOF9ezjAhUFXq0KHZSBDUgQ_AUIEigC
2019-08-05 18:46:28,471  INFO [main] VerifyBrokenLinks:68 - Response Code is: 403  https://www.google.com/search?q=go+to+top+of+the+page+selenium&source=lnms&tbm=vid&sa=X&ved=0ahUKEwjxrvOF9ezjAhUFXq0KHZSBDUgQ_AUIEygD
2019-08-05 18:46:29,707  INFO [main] VerifyBrokenLinks:68 - Response Code is: 403  https://www.google.com/search?q=go+to+top+of+the+page+selenium&source=lnms&tbm=nws&sa=X&ved=0ahUKEwjxrvOF9ezjAhUFXq0KHZSBDUgQ_AUIFCgE
2019-08-05 18:46:32,061  INFO [main] VerifyBrokenLinks:68 - Response Code is: 200  https://maps.google.com/maps?q=go+to+top+of+the+page+selenium&um=1&ie=UTF-8&sa=X&ved=0ahUKEwjxrvOF9ezjAhUFXq0KHZSBDUgQ_AUIFigA
2019-08-05 18:46:33,292  INFO [main] VerifyBrokenLinks:68 - Response Code is: 403  https://www.google.com/search?q=go+to+top+of+the+page+selenium&source=lnms&tbm=bks&sa=X&ved=0ahUKEwjxrvOF9ezjAhUFXq0KHZSBDUgQ_AUIFygB
2019-08-05 18:46:33,539  INFO [main] VerifyBrokenLinks:68 - Response Code is: 200  https://www.google.com/flights?q=go+to+top+of+the+page+selenium&source=lnms&tbm=flm&sa=X&ved=0ahUKEwjxrvOF9ezjAhUFXq0KHZSBDUgQ_AUIGCgC
2019-08-05 18:46:34,769  INFO [main] VerifyBrokenLinks:68 - Response Code is: 403  https://www.google.com/search?q=go+to+top+of+the+page+selenium&source=lnms&tbm=fin&sa=X&ved=0ahUKEwjxrvOF9ezjAhUFXq0KHZSBDUgQ_AUIGSgD
2019-08-05 18:46:34,853  INFO [main] VerifyBrokenLinks:68 - Response Code is: 200  https://www.google.com/preferences
2019-08-05 18:46:34,916  INFO [main] VerifyBrokenLinks:68 - Response Code is: 200  https://www.google.com/preferences?hl=en&prev=https://www.google.com/search?q%3Dgo%2Bto%2Btop%2Bof%2Bthe%2Bpage%2Bselenium%26oq%3Dgo%2Bto%2Btop%2Bof%2Bthe%2Bpage%2Bselenium%26aqs%3Dchrome..69i57j0l2j69i64.9053j0j7%26sourceid%3Dchrome%26ie%3DUTF-8
2019-08-05 18:46:34,979  INFO [main] VerifyBrokenLinks:68 - Response Code is: 200  https://www.google.com/preferences?hl=en&prev=https://www.google.com/search?q%3Dgo%2Bto%2Btop%2Bof%2Bthe%2Bpage%2Bselenium%26oq%3Dgo%2Bto%2Btop%2Bof%2Bthe%2Bpage%2Bselenium%26aqs%3Dchrome..69i57j0l2j69i64.9053j0j7%26sourceid%3Dchrome%26ie%3DUTF-8#languages
2019-08-05 18:46:35,288  INFO [main] VerifyBrokenLinks:68 - Response Code is: 200  https://www.google.com/setprefs?safeui=on&sig=0_6juGSGhUp-v2Y1lnL-T5cr285wo%3D&prev=https://www.google.com/search?q%3Dgo%2Bto%2Btop%2Bof%2Bthe%2Bpage%2Bselenium%26oq%3Dgo%2Bto%2Btop%2Bof%2Bthe%2Bpage%2Bselenium%26aqs%3Dchrome..69i57j0l2j69i64.9053j0j7%26sourceid%3Dchrome%26ie%3DUTF-8
2019-08-05 18:46:35,381  INFO [main] VerifyBrokenLinks:68 - Response Code is: 200  https://www.google.com/advanced_search?q=go+to+top+of+the+page+selenium&hl=en
2019-08-05 18:46:35,567  INFO [main] VerifyBrokenLinks:68 - Response Code is: 200  https://www.google.com/history/optout?hl=en
2019-08-05 18:46:35,638  INFO [main] VerifyBrokenLinks:68 - Response Code is: 200  https://www.google.com/history/privacyadvisor/search?utm_source=googlemenu
2019-08-05 18:46:35,842  INFO [main] VerifyBrokenLinks:68 - Response Code is: 200  https://support.google.com/websearch/?source=g&hl=en
2019-08-05 18:46:37,371  INFO [main] VerifyBrokenLinks:68 - Response Code is: 403  https://www.google.com/search?q=go+to+top+of+the+page+selenium&source=lnt&tbs=qdr:h&sa=X&ved=0ahUKEwjxrvOF9ezjAhUFXq0KHZSBDUgQpwUIJw
2019-08-05 18:46:38,599  INFO [main] VerifyBrokenLinks:68 - Response Code is: 403  https://www.google.com/search?q=go+to+top+of+the+page+selenium&source=lnt&tbs=qdr:d&sa=X&ved=0ahUKEwjxrvOF9ezjAhUFXq0KHZSBDUgQpwUIJw
2019-08-05 18:46:40,137  INFO [main] VerifyBrokenLinks:68 - Response Code is: 403  https://www.google.com/search?q=go+to+top+of+the+page+selenium&source=lnt&tbs=qdr:w&sa=X&ved=0ahUKEwjxrvOF9ezjAhUFXq0KHZSBDUgQpwUIJw
2019-08-05 18:46:41,564  INFO [main] VerifyBrokenLinks:68 - Response Code is: 403  https://www.google.com/search?q=go+to+top+of+the+page+selenium&source=lnt&tbs=qdr:m&sa=X&ved=0ahUKEwjxrvOF9ezjAhUFXq0KHZSBDUgQpwUIJw
2019-08-05 18:46:42,892  INFO [main] VerifyBrokenLinks:68 - Response Code is: 403  https://www.google.com/search?q=go+to+top+of+the+page+selenium&source=lnt&tbs=qdr:y&sa=X&ved=0ahUKEwjxrvOF9ezjAhUFXq0KHZSBDUgQpwUIJw
2019-08-05 18:46:44,188  INFO [main] VerifyBrokenLinks:68 - Response Code is: 403  https://www.google.com/search?q=go+to+top+of+the+page+selenium&source=lnt&tbs=li:1&sa=X&ved=0ahUKEwjxrvOF9ezjAhUFXq0KHZSBDUgQpwUIJw
2019-08-05 18:46:44,630  INFO [main] VerifyBrokenLinks:68 - Response Code is: 200  https://stackoverflow.com/questions/36647785/scroll-up-the-page-to-the-top-in-selenium
2019-08-05 18:46:45,853  INFO [main] VerifyBrokenLinks:68 - Response Code is: 403  https://www.google.com/search?q=go+to+top+of+the+page+selenium&oq=go+to+top+of+the+page+selenium&aqs=chrome..69i57j0l2j69i64.9053j0j7&sourceid=chrome&ie=UTF-8#
2019-08-05 18:46:47,150  INFO [main] VerifyBrokenLinks:68 - Response Code is: 403  https://webcache.googleusercontent.com/search?q=cache:pRGkhevhMd8J:https://stackoverflow.com/questions/36647785/scroll-up-the-page-to-the-top-in-selenium+&cd=1&hl=en&ct=clnk&gl=us
2019-08-05 18:46:47,233  INFO [main] VerifyBrokenLinks:68 - Response Code is: 200  https://stackoverflow.com/questions/43803011/selenium-webdriver-scroll-to-the-top-using-javascript
2019-08-05 18:46:47,317  INFO [main] VerifyBrokenLinks:68 - Response Code is: 200  https://stackoverflow.com/questions/45576958/scrolling-to-top-of-the-page-in-python-using-selenium
2019-08-05 18:46:47,393  INFO [main] VerifyBrokenLinks:68 - Response Code is: 200  https://stackoverflow.com/questions/11554370/vertical-scroll-down-and-scroll-up-in-selenium-webdriver-with-java
2019-08-05 18:46:47,466  INFO [main] VerifyBrokenLinks:68 - Response Code is: 200  https://stackoverflow.com/questions/28473710/how-to-scroll-to-element-with-selenium-webdriver-using-c-sharp
2019-08-05 18:46:48,768  INFO [main] VerifyBrokenLinks:68 - Response Code is: 403  https://www.google.com/search?q=go+to+top+of+the+page+selenium+site:stackoverflow.com&sa=X&ved=2ahUKEwjxrvOF9ezjAhUFXq0KHZSBDUgQrQIoBDAAegQIBBAM
2019-08-05 18:46:48,848  INFO [main] VerifyBrokenLinks:68 - Response Code is: 200  https://stackoverflow.com/questions/43803011/selenium-webdriver-scroll-to-the-top-using-javascript?rq=1
2019-08-05 18:46:50,275  INFO [main] VerifyBrokenLinks:68 - Response Code is: 403  https://www.google.com/search?q=go+to+top+of+the+page+selenium&oq=go+to+top+of+the+page+selenium&aqs=chrome..69i57j0l2j69i64.9053j0j7&sourceid=chrome&ie=UTF-8#
2019-08-05 18:46:51,518  INFO [main] VerifyBrokenLinks:68 - Response Code is: 403  https://webcache.googleusercontent.com/search?q=cache:WZBdG_BI_OkJ:https://stackoverflow.com/questions/43803011/selenium-webdriver-scroll-to-the-top-using-javascript%3Frq%3D1+&cd=2&hl=en&ct=clnk&gl=us
2019-08-05 18:46:52,075  INFO [main] VerifyBrokenLinks:68 - Response Code is: 200  https://www.guru99.com/scroll-up-down-selenium-webdriver.html
2019-08-05 18:46:53,344  INFO [main] VerifyBrokenLinks:68 - Response Code is: 403  https://www.google.com/search?q=go+to+top+of+the+page+selenium&oq=go+to+top+of+the+page+selenium&aqs=chrome..69i57j0l2j69i64.9053j0j7&sourceid=chrome&ie=UTF-8#
2019-08-05 18:46:54,760  INFO [main] VerifyBrokenLinks:68 - Response Code is: 403  https://webcache.googleusercontent.com/search?q=cache:u3POjTWkSR8J:https://www.guru99.com/scroll-up-down-selenium-webdriver.html+&cd=3&hl=en&ct=clnk&gl=us
2019-08-05 18:46:55,894  INFO [main] VerifyBrokenLinks:68 - Response Code is: 200  https://www.360logica.com/blog/multiple-ways-to-scroll-a-page-using-selenium-webdriver/
2019-08-05 18:46:57,338  INFO [main] VerifyBrokenLinks:68 - Response Code is: 403  https://www.google.com/search?q=go+to+top+of+the+page+selenium&oq=go+to+top+of+the+page+selenium&aqs=chrome..69i57j0l2j69i64.9053j0j7&sourceid=chrome&ie=UTF-8#
2019-08-05 18:46:58,880  INFO [main] VerifyBrokenLinks:68 - Response Code is: 403  https://webcache.googleusercontent.com/search?q=cache:YR9ErbGEmrkJ:https://www.360logica.com/blog/multiple-ways-to-scroll-a-page-using-selenium-webdriver/+&cd=4&hl=en&ct=clnk&gl=us
2019-08-05 18:46:59,018  INFO [main] VerifyBrokenLinks:68 - Response Code is: 200  https://stackoverflow.com/questions/12293158/page-scroll-up-or-down-in-selenium-webdriver-selenium-2-using-java
2019-08-05 18:47:00,439  INFO [main] VerifyBrokenLinks:68 - Response Code is: 403  https://www.google.com/search?q=How+do+I+scroll+up+in+selenium%3F&sa=X&ved=2ahUKEwjxrvOF9ezjAhUFXq0KHZSBDUgQzmd6BAgLEAo
2019-08-05 18:47:01,614  INFO [main] VerifyBrokenLinks:68 - Response Code is: 200  http://www.softwaretestingstudio.com/scroll-selenium-webdriver-java/
2019-08-05 18:47:02,843  INFO [main] VerifyBrokenLinks:68 - Response Code is: 403  https://www.google.com/search?q=How+do+I+scroll+horizontally+in+selenium%3F&sa=X&ved=2ahUKEwjxrvOF9ezjAhUFXq0KHZSBDUgQzmd6BAgLEBM
2019-08-05 18:47:03,438  INFO [main] VerifyBrokenLinks:68 - Response Code is: 200  https://www.guru99.com/execute-javascript-selenium-webdriver.html
2019-08-05 18:47:04,670  INFO [main] VerifyBrokenLinks:68 - Response Code is: 403  https://www.google.com/search?q=What+is+JavascriptExecutor+in+selenium%3F&sa=X&ved=2ahUKEwjxrvOF9ezjAhUFXq0KHZSBDUgQzmd6BAgLEBw
2019-08-05 18:47:05,158  INFO [main] VerifyBrokenLinks:68 - Response Code is: 200  https://www.guru99.com/double-click-and-right-click-selenium.html
2019-08-05 18:47:06,390  INFO [main] VerifyBrokenLinks:68 - Response Code is: 403  https://www.google.com/search?q=What+is+context+click+in+selenium%3F&sa=X&ved=2ahUKEwjxrvOF9ezjAhUFXq0KHZSBDUgQzmd6BAgLECU
2019-08-05 18:47:07,919  INFO [main] VerifyBrokenLinks:68 - Response Code is: 403  https://www.google.com/search?q=go+to+top+of+the+page+selenium&oq=go+to+top+of+the+page+selenium&aqs=chrome..69i57j0l2j69i64.9053j0j7&sourceid=chrome&ie=UTF-8#
2019-08-05 18:47:08,029  INFO [main] VerifyBrokenLinks:68 - Response Code is: 403  https://www.softwaretestingmaterial.com/scroll-web-page-using-selenium-webdriver/
2019-08-05 18:47:09,282  INFO [main] VerifyBrokenLinks:68 - Response Code is: 403  https://www.google.com/search?q=go+to+top+of+the+page+selenium&oq=go+to+top+of+the+page+selenium&aqs=chrome..69i57j0l2j69i64.9053j0j7&sourceid=chrome&ie=UTF-8#
2019-08-05 18:47:10,537  INFO [main] VerifyBrokenLinks:68 - Response Code is: 403  https://webcache.googleusercontent.com/search?q=cache:c5mjhpW7jtgJ:https://www.softwaretestingmaterial.com/scroll-web-page-using-selenium-webdriver/+&cd=13&hl=en&ct=clnk&gl=us
2019-08-05 18:47:12,087  INFO [main] VerifyBrokenLinks:68 - Response Code is: 200  http://makeseleniumeasy.com/2018/01/13/how-to-verify-functionality-of-back-to-top-button-in-selenium-webdriver/
2019-08-05 18:47:13,311  INFO [main] VerifyBrokenLinks:68 - Response Code is: 403  https://www.google.com/search?q=go+to+top+of+the+page+selenium&oq=go+to+top+of+the+page+selenium&aqs=chrome..69i57j0l2j69i64.9053j0j7&sourceid=chrome&ie=UTF-8#
2019-08-05 18:47:14,610  INFO [main] VerifyBrokenLinks:68 - Response Code is: 403  http://webcache.googleusercontent.com/search?q=cache:rfiNEiw3_gAJ:makeseleniumeasy.com/2018/01/13/how-to-verify-functionality-of-back-to-top-button-in-selenium-webdriver/+&cd=14&hl=en&ct=clnk&gl=us
2019-08-05 18:47:14,720  INFO [main] VerifyBrokenLinks:68 - Response Code is: 403  https://www.dev2qa.com/how-to-scroll-web-page-in-selenium-webdriver-testing-script-using-java/
2019-08-05 18:47:16,166  INFO [main] VerifyBrokenLinks:68 - Response Code is: 403  https://www.google.com/search?q=go+to+top+of+the+page+selenium&oq=go+to+top+of+the+page+selenium&aqs=chrome..69i57j0l2j69i64.9053j0j7&sourceid=chrome&ie=UTF-8#
2019-08-05 18:47:17,429  INFO [main] VerifyBrokenLinks:68 - Response Code is: 403  https://webcache.googleusercontent.com/search?q=cache:iToWc9-vPUoJ:https://www.dev2qa.com/how-to-scroll-web-page-in-selenium-webdriver-testing-script-using-java/+&cd=15&hl=en&ct=clnk&gl=us
2019-08-05 18:47:17,530  INFO [main] VerifyBrokenLinks:68 - Response Code is: 403  https://stqatools.com/selenium-scroll-page/
2019-08-05 18:47:18,907  INFO [main] VerifyBrokenLinks:68 - Response Code is: 403  https://www.google.com/search?q=go+to+top+of+the+page+selenium&oq=go+to+top+of+the+page+selenium&aqs=chrome..69i57j0l2j69i64.9053j0j7&sourceid=chrome&ie=UTF-8#
2019-08-05 18:47:20,920  INFO [main] VerifyBrokenLinks:68 - Response Code is: 403  https://webcache.googleusercontent.com/search?q=cache:H87vT8H3q-sJ:https://stqatools.com/selenium-scroll-page/+&cd=16&hl=en&ct=clnk&gl=us
2019-08-05 18:47:21,208  INFO [main] VerifyBrokenLinks:68 - Response Code is: 200  https://loadfocus.com/blog/tech/2016/05/how-to-scroll-web-page-up-or-down-using-selenium-webdriver/
2019-08-05 18:47:22,437  INFO [main] VerifyBrokenLinks:68 - Response Code is: 403  https://www.google.com/search?q=go+to+top+of+the+page+selenium&oq=go+to+top+of+the+page+selenium&aqs=chrome..69i57j0l2j69i64.9053j0j7&sourceid=chrome&ie=UTF-8#
2019-08-05 18:47:23,766  INFO [main] VerifyBrokenLinks:68 - Response Code is: 403  https://webcache.googleusercontent.com/search?q=cache:jH8BlaMjuUoJ:https://loadfocus.com/blog/tech/2016/05/how-to-scroll-web-page-up-or-down-using-selenium-webdriver/+&cd=17&hl=en&ct=clnk&gl=us
2019-08-05 18:47:24,999  INFO [main] VerifyBrokenLinks:68 - Response Code is: 403  https://www.google.com/search?q=related:https://loadfocus.com/blog/tech/2016/05/how-to-scroll-web-page-up-or-down-using-selenium-webdriver/+go+to+top+of+the+page+selenium&tbo=1&sa=X&ved=2ahUKEwjxrvOF9ezjAhUFXq0KHZSBDUgQHzAQegQIBhAF
2019-08-05 18:47:25,306  INFO [main] VerifyBrokenLinks:68 - Response Code is: 200  https://riptutorial.com/selenium-webdriver/example/28140/scrolling-using-python
2019-08-05 18:47:26,829  INFO [main] VerifyBrokenLinks:68 - Response Code is: 403  https://www.google.com/search?q=go+to+top+of+the+page+selenium&oq=go+to+top+of+the+page+selenium&aqs=chrome..69i57j0l2j69i64.9053j0j7&sourceid=chrome&ie=UTF-8#
2019-08-05 18:47:28,067  INFO [main] VerifyBrokenLinks:68 - Response Code is: 403  https://webcache.googleusercontent.com/search?q=cache:BhkYvMl42QMJ:https://riptutorial.com/selenium-webdriver/example/28140/scrolling-using-python+&cd=18&hl=en&ct=clnk&gl=us
2019-08-05 18:47:29,329  INFO [main] VerifyBrokenLinks:68 - Response Code is: 403  https://www.google.com/search?q=how+to+scroll+down+a+page+in+selenium+webdriver+c%23&sa=X&ved=2ahUKEwjxrvOF9ezjAhUFXq0KHZSBDUgQ1QIoAHoECAoQAQ
2019-08-05 18:47:30,561  INFO [main] VerifyBrokenLinks:68 - Response Code is: 403  https://www.google.com/search?q=how+to+scroll+horizontally+in+selenium+webdriver&sa=X&ved=2ahUKEwjxrvOF9ezjAhUFXq0KHZSBDUgQ1QIoAXoECAoQAg
2019-08-05 18:47:31,965  INFO [main] VerifyBrokenLinks:68 - Response Code is: 403  https://www.google.com/search?q=how+to+scroll+a+div+in+selenium+webdriver&sa=X&ved=2ahUKEwjxrvOF9ezjAhUFXq0KHZSBDUgQ1QIoAnoECAoQAw
2019-08-05 18:47:33,188  INFO [main] VerifyBrokenLinks:68 - Response Code is: 403  https://www.google.com/search?q=how+to+scroll+down+a+page+in+selenium+webdriver+java&sa=X&ved=2ahUKEwjxrvOF9ezjAhUFXq0KHZSBDUgQ1QIoA3oECAoQBA
2019-08-05 18:47:34,726  INFO [main] VerifyBrokenLinks:68 - Response Code is: 403  https://www.google.com/search?q=how+to+scroll+table+in+selenium+webdriver&sa=X&ved=2ahUKEwjxrvOF9ezjAhUFXq0KHZSBDUgQ1QIoBHoECAoQBQ
2019-08-05 18:47:35,985  INFO [main] VerifyBrokenLinks:68 - Response Code is: 403  https://www.google.com/search?q=scroll+down+in+selenium+using+actions&sa=X&ved=2ahUKEwjxrvOF9ezjAhUFXq0KHZSBDUgQ1QIoBXoECAoQBg
2019-08-05 18:47:37,226  INFO [main] VerifyBrokenLinks:68 - Response Code is: 403  https://www.google.com/search?q=selenium+scroll+to+element&sa=X&ved=2ahUKEwjxrvOF9ezjAhUFXq0KHZSBDUgQ1QIoBnoECAoQBw
2019-08-05 18:47:38,457  INFO [main] VerifyBrokenLinks:68 - Response Code is: 403  https://www.google.com/search?q=handling+scroll+bar+in+selenium+webdriver&sa=X&ved=2ahUKEwjxrvOF9ezjAhUFXq0KHZSBDUgQ1QIoB3oECAoQCA
2019-08-05 18:47:40,541  INFO [main] VerifyBrokenLinks:68 - Response Code is: 403  https://www.google.com/search?q=go+to+top+of+the+page+selenium&ei=zr9IXfGPH4W8tQWUg7bABA&start=10&sa=N&ved=0ahUKEwjxrvOF9ezjAhUFXq0KHZSBDUgQ8tMDCK8B
2019-08-05 18:47:42,726  INFO [main] VerifyBrokenLinks:68 - Response Code is: 403  https://www.google.com/search?q=go+to+top+of+the+page+selenium&ei=zr9IXfGPH4W8tQWUg7bABA&start=20&sa=N&ved=0ahUKEwjxrvOF9ezjAhUFXq0KHZSBDUgQ8tMDCLEB
2019-08-05 18:47:44,543  INFO [main] VerifyBrokenLinks:68 - Response Code is: 403  https://www.google.com/search?q=go+to+top+of+the+page+selenium&ei=zr9IXfGPH4W8tQWUg7bABA&start=30&sa=N&ved=0ahUKEwjxrvOF9ezjAhUFXq0KHZSBDUgQ8tMDCLMB
2019-08-05 18:47:46,386  INFO [main] VerifyBrokenLinks:68 - Response Code is: 403  https://www.google.com/search?q=go+to+top+of+the+page+selenium&ei=zr9IXfGPH4W8tQWUg7bABA&start=40&sa=N&ved=0ahUKEwjxrvOF9ezjAhUFXq0KHZSBDUgQ8tMDCLUB
2019-08-05 18:47:48,229  INFO [main] VerifyBrokenLinks:68 - Response Code is: 403  https://www.google.com/search?q=go+to+top+of+the+page+selenium&ei=zr9IXfGPH4W8tQWUg7bABA&start=50&sa=N&ved=0ahUKEwjxrvOF9ezjAhUFXq0KHZSBDUgQ8tMDCLcB
2019-08-05 18:47:51,302  INFO [main] VerifyBrokenLinks:68 - Response Code is: 403  https://www.google.com/search?q=go+to+top+of+the+page+selenium&ei=zr9IXfGPH4W8tQWUg7bABA&start=60&sa=N&ved=0ahUKEwjxrvOF9ezjAhUFXq0KHZSBDUgQ8tMDCLkB
2019-08-05 18:47:53,452  INFO [main] VerifyBrokenLinks:68 - Response Code is: 403  https://www.google.com/search?q=go+to+top+of+the+page+selenium&ei=zr9IXfGPH4W8tQWUg7bABA&start=70&sa=N&ved=0ahUKEwjxrvOF9ezjAhUFXq0KHZSBDUgQ8tMDCLsB
2019-08-05 18:47:54,909  INFO [main] VerifyBrokenLinks:68 - Response Code is: 403  https://www.google.com/search?q=go+to+top+of+the+page+selenium&ei=zr9IXfGPH4W8tQWUg7bABA&start=80&sa=N&ved=0ahUKEwjxrvOF9ezjAhUFXq0KHZSBDUgQ8tMDCL0B
2019-08-05 18:47:56,217  INFO [main] VerifyBrokenLinks:68 - Response Code is: 403  https://www.google.com/search?q=go+to+top+of+the+page+selenium&ei=zr9IXfGPH4W8tQWUg7bABA&start=90&sa=N&ved=0ahUKEwjxrvOF9ezjAhUFXq0KHZSBDUgQ8tMDCL8B
2019-08-05 18:47:58,368  INFO [main] VerifyBrokenLinks:68 - Response Code is: 403  https://www.google.com/search?q=go+to+top+of+the+page+selenium&ei=zr9IXfGPH4W8tQWUg7bABA&start=10&sa=N&ved=0ahUKEwjxrvOF9ezjAhUFXq0KHZSBDUgQ8NMDCMEB
2019-08-05 18:48:00,210  INFO [main] VerifyBrokenLinks:68 - Response Code is: 403  https://www.google.com/search?q=go+to+top+of+the+page+selenium&oq=go+to+top+of+the+page+selenium&aqs=chrome..69i57j0l2j69i64.9053j0j7&sourceid=chrome&ie=UTF-8#
2019-08-05 18:48:00,458  INFO [main] VerifyBrokenLinks:68 - Response Code is: 200  https://support.google.com/websearch?p=ws_settings_location&hl=en
2019-08-05 18:48:00,784  INFO [main] VerifyBrokenLinks:68 - Response Code is: 200  https://support.google.com/websearch/?p=ws_results_help&hl=en&fg=1
2019-08-05 18:48:02,362  INFO [main] VerifyBrokenLinks:68 - Response Code is: 403  https://www.google.com/search?q=go+to+top+of+the+page+selenium&oq=go+to+top+of+the+page+selenium&aqs=chrome..69i57j0l2j69i64.9053j0j7&sourceid=chrome&ie=UTF-8#
2019-08-05 18:48:02,401  INFO [main] VerifyBrokenLinks:68 - Response Code is: 200  https://www.google.com/intl/en_us/policies/privacy/?fg=1
2019-08-05 18:48:02,439  INFO [main] VerifyBrokenLinks:68 - Response Code is: 200  https://www.google.com/intl/en_us/policies/terms/?fg=1
2019-08-05 18:48:04,992  INFO [main] VerifyBrokenLinks:102 - Accessibility in Google Search - Google Search Help
2019-08-05 18:48:10,440  INFO [main] VerifyBrokenLinks:102 - Our products | Google
2019-08-05 18:48:11,933  INFO [main] VerifyBrokenLinks:102 - Sign in - Google Accounts
2019-08-05 18:48:13,712  INFO [main] VerifyBrokenLinks:102 - Google
2019-08-05 18:48:17,726  INFO [main] VerifyBrokenLinks:102 - go to top of the page selenium - Google Maps
2019-08-05 18:48:23,911  INFO [main] VerifyBrokenLinks:102 - Flights
2019-08-05 18:48:26,192  INFO [main] VerifyBrokenLinks:102 - Search Settings
2019-08-05 18:48:28,141  INFO [main] VerifyBrokenLinks:102 - Search Settings
2019-08-05 18:48:30,097  INFO [main] VerifyBrokenLinks:102 - Search Settings
2019-08-05 18:48:33,101  INFO [main] VerifyBrokenLinks:102 - Search Settings
2019-08-05 18:48:35,288  INFO [main] VerifyBrokenLinks:102 - Google Advanced Search
2019-08-05 18:48:37,085  INFO [main] VerifyBrokenLinks:102 - Google - Search Customization
2019-08-05 18:48:40,381  INFO [main] VerifyBrokenLinks:102 - Your data in Search
2019-08-05 18:48:44,119  INFO [main] VerifyBrokenLinks:102 - Google Search Help
2019-08-05 18:48:49,064  INFO [main] VerifyBrokenLinks:102 - scroll up the page to the top in selenium - Stack Overflow
2019-08-05 18:48:53,647  INFO [main] VerifyBrokenLinks:102 - Selenium Webdriver : Scroll to the top using Javascript - Stack Overflow
2019-08-05 18:48:58,129  INFO [main] VerifyBrokenLinks:102 - javascript - Scrolling to top of the page in Python using Selenium - Stack Overflow
2019-08-05 18:49:02,522  INFO [main] VerifyBrokenLinks:102 - Vertical Scroll down and scroll up in Selenium WebDriver with java - Stack Overflow
